<?xml version="1.0" encoding="UTF-8"?>
<!-- Generated by org.testng.reporters.JUnitReportReporter -->
<testsuite hostname="LTLT000192" failures="0" tests="1" name="com.proto.tests.TestHome" time="0.597" errors="0" timestamp="2022-01-20T09:24:59 EET" skipped="0">
  <testcase classname="com.proto.tests.TestHome" name="signingIn" time="0.597"/>
  <system-out/>
</testsuite> <!-- com.proto.tests.TestHome -->
